--- Startup times for process: Primary (or UI client) ---

times in msec
 clock   self+sourced   self:  sourced script
 clock   elapsed:              other lines

000.001  000.001: --- NVIM STARTING ---
000.287  000.286: event init
000.421  000.134: early init
000.504  000.083: locale set
000.572  000.068: init first window
001.183  000.611: inits 1
001.203  000.020: window checked
001.207  000.005: parsing arguments
002.034  000.075  000.075: require('vim.shared')
002.213  000.065  000.065: require('vim.inspect')
002.299  000.071  000.071: require('vim._options')
002.310  000.270  000.134: require('vim._editor')
002.368  000.057  000.057: require('vim._system')
002.370  000.454  000.052: require('vim._init_packages')
002.373  000.711: init lua interpreter
004.213  001.840: nvim_ui_attach
005.401  001.187: nvim_set_client_info
005.407  000.007: --- NVIM STARTED ---

--- Startup times for process: Embedded ---

times in msec
 clock   self+sourced   self:  sourced script
 clock   elapsed:              other lines

000.001  000.001: --- NVIM STARTING ---
000.379  000.378: event init
000.576  000.197: early init
000.722  000.146: locale set
000.811  000.088: init first window
001.745  000.934: inits 1
001.793  000.048: window checked
001.800  000.007: parsing arguments
003.222  000.159  000.159: require('vim.shared')
003.480  000.102  000.102: require('vim.inspect')
003.618  000.111  000.111: require('vim._options')
003.635  000.405  000.191: require('vim._editor')
003.716  000.078  000.078: require('vim._system')
003.721  000.715  000.074: require('vim._init_packages')
003.726  001.211: init lua interpreter
003.843  000.117: expanding arguments
003.899  000.056: inits 2
004.697  000.798: init highlight
004.702  000.005: waiting for UI
004.981  000.279: done waiting for UI
004.992  000.011: clear screen
005.406  000.030  000.030: require('vim.keymap')
007.562  000.402  000.402: sourcing nvim_exec2()
007.845  002.846  002.414: require('vim._defaults')
007.849  000.011: init default mappings & autocommands
009.048  000.089  000.089: sourcing /opt/nvim/share/nvim/runtime/ftplugin.vim
009.201  000.075  000.075: sourcing /opt/nvim/share/nvim/runtime/indent.vim
009.833  000.250  000.250: require('core.options')
017.813  002.262  002.262: require('vim.lsp.protocol')
017.969  000.125  000.125: require('vim.fs')
018.041  002.834  000.446: require('vim.lsp.log')
022.351  004.299  004.299: require('vim.lsp.util')
023.246  000.407  000.407: require('vim.lsp.sync')
023.261  000.887  000.481: require('vim.lsp._changetracking')
024.295  000.308  000.308: require('vim.lsp._transport')
024.466  000.010  000.010: require('string.buffer')
024.472  000.170  000.160: require('vim._stringbuffer')
024.601  001.335  000.857: require('vim.lsp.rpc')
024.665  011.295  001.941: require('vim.lsp')
026.419  000.017  000.017: require('vim.F')
026.444  001.772  001.755: require('vim.lsp.buf')
026.659  016.819  003.752: require('core.keymaps')
026.772  000.108  000.108: require('core.autocmds')
027.816  000.882  000.882: require('lazy')
027.875  000.036  000.036: require('ffi')
028.099  000.176  000.176: require('vim.uri')
028.145  000.265  000.089: require('vim.loader')
028.390  000.187  000.187: require('lazy.stats')
028.650  000.222  000.222: require('lazy.core.util')
029.026  000.371  000.371: require('lazy.core.config')
029.320  000.161  000.161: require('lazy.core.handler')
029.955  000.143  000.143: require('lazy.pkg')
029.965  000.332  000.189: require('lazy.core.meta')
029.975  000.651  000.319: require('lazy.core.plugin')
029.990  000.959  000.148: require('lazy.core.loader')
030.508  000.204  000.204: require('lazy.core.fragments')
039.972  000.092  000.092: require('lazy.core.handler.cmd')
040.062  000.079  000.079: require('lazy.core.handler.keys')
040.208  000.141  000.141: require('lazy.core.handler.event')
040.341  000.120  000.120: require('lazy.core.handler.ft')
042.267  000.011  000.011: sourcing nvim_exec2() called at /home/kabir/.config/nvim/init.lua:0
042.287  000.002  000.002: sourcing nvim_exec2() called at /home/kabir/.config/nvim/init.lua:0
044.043  001.748  001.748: require('gruvbox')
046.245  000.241  000.241: require('vim.version')
051.625  005.838  005.597: sourcing /home/kabir/.local/share/nvim/lazy/gruvbox.nvim/colors/gruvbox.lua
051.648  006.963  001.125: sourcing nvim_exec2() called at /home/kabir/.config/nvim/init.lua:0
051.813  000.110  000.110: sourcing nvim_exec2() called at /home/kabir/.config/nvim/init.lua:0
052.737  000.128  000.128: require('lazy.async')
052.927  000.086  000.086: require('lazy.manage.process')
053.003  000.072  000.072: require('lazy.terminal')
053.012  000.268  000.111: require('lazy.manage.task')
053.016  000.652  000.256: require('lazy.manage.runner')
053.023  001.191  000.539: require('lazy.manage')
053.662  000.161  000.161: require('lazy.util')
053.669  000.238  000.078: require('lazy.view.diff')
053.920  000.156  000.156: require('lazy.view.config')
053.929  000.258  000.102: require('lazy.view.float')
054.075  000.066  000.066: require('lazy.manage.semver')
054.082  000.150  000.085: require('lazy.manage.git')
054.390  000.120  000.120: require('lazy.view.sections')
054.533  000.136  000.136: require('lazy.view.text')
054.550  000.467  000.210: require('lazy.view.render')
054.561  001.301  000.188: require('lazy.view')
054.709  000.129  000.129: require('lazy.view.colors')
058.671  000.319  000.319: require('lazy.view.commands')
059.872  000.101  000.101: require('lazy.community')
060.329  000.314  000.314: require('vim.health')
060.342  000.461  000.147: require('lazy.health')
060.353  000.808  000.246: require('lazy.pkg.rockspec')
060.363  001.102  000.293: require('lazy.manage.task.plugin')
060.701  000.109  000.109: require('lazy.manage.lock')
060.720  000.340  000.231: require('lazy.manage.task.git')
063.470  000.638  000.638: require('vim.diagnostic')
071.134  000.294  000.294: require('vim.iter')
648.463  000.069  000.069: require('lazy.state')
648.479  000.222  000.154: require('lazy.manage.checker')
734.381  000.274  000.274: require('lazy.help')
764.173  000.018  000.018: sourcing nvim_exec2() called at /home/kabir/.config/nvim/init.lua:0
764.360  000.039  000.039: sourcing /home/kabir/.local/share/nvim/lazy/kotlin-vim/ftdetect/kotlin.vim
764.368  000.105  000.066: sourcing nvim_exec2() called at /home/kabir/.config/nvim/init.lua:0
764.377  000.002  000.002: sourcing nvim_exec2() called at /home/kabir/.config/nvim/init.lua:0
764.445  000.003  000.003: sourcing nvim_exec2() called at /home/kabir/.config/nvim/init.lua:0
764.641  000.026  000.026: sourcing /home/kabir/.local/share/nvim/lazy/vim-gradle/ftdetect/gradle.vim
764.649  000.087  000.061: sourcing nvim_exec2() called at /home/kabir/.config/nvim/init.lua:0
764.657  000.002  000.002: sourcing nvim_exec2() called at /home/kabir/.config/nvim/init.lua:0
764.680  000.002  000.002: sourcing nvim_exec2() called at /home/kabir/.config/nvim/init.lua:0
767.408  002.542  002.542: require('vim.filetype')
767.420  002.622  000.080: sourcing /home/kabir/.local/share/nvim/lazy/rest.nvim/ftdetect/http.lua
767.434  002.689  000.067: sourcing nvim_exec2() called at /home/kabir/.config/nvim/init.lua:0
767.452  000.006  000.006: sourcing nvim_exec2() called at /home/kabir/.config/nvim/init.lua:0
767.737  000.005  000.005: sourcing nvim_exec2() called at /home/kabir/.config/nvim/init.lua:0
767.768  000.002  000.002: sourcing nvim_exec2() called at /home/kabir/.config/nvim/init.lua:0
768.012  000.005  000.005: sourcing nvim_exec2() called at /home/kabir/.config/nvim/init.lua:0
768.033  000.002  000.002: sourcing nvim_exec2() called at /home/kabir/.config/nvim/init.lua:0
768.271  000.006  000.006: sourcing nvim_exec2() called at /home/kabir/.config/nvim/init.lua:0
768.292  000.002  000.002: sourcing nvim_exec2() called at /home/kabir/.config/nvim/init.lua:0
769.100  000.077  000.077: sourcing nvim_exec2() called at /opt/nvim/share/nvim/runtime/filetype.lua:0
769.108  000.195  000.118: sourcing /opt/nvim/share/nvim/runtime/filetype.lua
769.114  000.256  000.061: sourcing nvim_exec2() called at /home/kabir/.config/nvim/init.lua:0
769.561  000.006  000.006: sourcing nvim_exec2() called at /home/kabir/.config/nvim/init.lua:0
769.578  000.002  000.002: sourcing nvim_exec2() called at /home/kabir/.config/nvim/init.lua:0
769.954  000.064  000.064: sourcing /home/kabir/.local/share/nvim/lazy/nvim-web-devicons/plugin/nvim-web-devicons.vim
769.963  000.128  000.064: sourcing nvim_exec2() called at /home/kabir/.config/nvim/init.lua:0
769.974  000.003  000.003: sourcing nvim_exec2() called at /home/kabir/.config/nvim/init.lua:0
769.991  000.002  000.002: sourcing nvim_exec2() called at /home/kabir/.config/nvim/init.lua:0
770.782  000.129  000.129: require('nvim-web-devicons.filetypes')
771.164  000.294  000.294: require('nvim-web-devicons.default.icons_by_filename')
771.787  000.618  000.618: require('nvim-web-devicons.default.icons_by_file_extension')
772.013  000.220  000.220: require('nvim-web-devicons.default.icons_by_operating_system')
772.138  000.081  000.081: require('nvim-web-devicons.default.icons_by_desktop_environment')
772.242  000.101  000.101: require('nvim-web-devicons.default.icons_by_window_manager')
772.248  001.445  000.131: require('nvim-web-devicons.icons-default')
772.898  002.846  001.273: require('nvim-web-devicons')
778.838  000.011  000.011: sourcing nvim_exec2() called at /home/kabir/.config/nvim/init.lua:0
778.861  000.002  000.002: sourcing nvim_exec2() called at /home/kabir/.config/nvim/init.lua:0
779.883  000.139  000.139: require('barbecue.config.template')
779.894  000.249  000.109: require('barbecue.config')
780.122  000.105  000.105: require('barbecue.utils')
780.133  000.236  000.131: require('barbecue.theme')
780.384  000.111  000.111: require('barbecue.ui.entry')
780.485  000.095  000.095: require('barbecue.ui.state')
780.969  000.238  000.238: require('nvim-navic.lib')
780.982  000.390  000.153: require('nvim-navic')
780.990  000.501  000.111: require('barbecue.ui.components')
780.998  000.862  000.155: require('barbecue.ui')
781.155  000.155  000.155: require('barbecue.autocmd')
781.160  002.289  000.786: require('barbecue')
785.315  000.797  000.797: require('nvim-tree.commands')
785.554  001.195  000.398: sourcing /home/kabir/.local/share/nvim/lazy/nvim-tree.lua/plugin/nvim-tree.lua
785.567  001.272  000.077: sourcing nvim_exec2() called at /home/kabir/.config/nvim/init.lua:0
785.588  000.008  000.008: sourcing nvim_exec2() called at /home/kabir/.config/nvim/init.lua:0
785.613  000.002  000.002: sourcing nvim_exec2() called at /home/kabir/.config/nvim/init.lua:0
786.241  000.131  000.131: require('nvim-tree.notify')
786.260  000.277  000.146: require('nvim-tree.events')
786.807  000.324  000.324: require('nvim-tree.utils')
786.926  000.114  000.114: require('nvim-tree.log')
786.955  000.692  000.254: require('nvim-tree.view')
786.963  001.109  000.140: require('nvim-tree.core')
788.601  000.644  000.644: require('nvim-tree.git.utils')
788.804  000.193  000.193: require('nvim-tree.renderer.components.devicons')
789.691  000.558  000.558: require('nvim-tree.classic')
789.731  000.923  000.365: require('nvim-tree.node')
789.921  002.295  000.536: require('nvim-tree.node.directory')
790.440  000.511  000.511: require('nvim-tree.iterators.node-iterator')
790.451  003.049  000.243: require('nvim-tree.actions.finders.find-file')
791.002  000.546  000.546: require('nvim-tree.actions.finders.search-node')
791.010  003.954  000.359: require('nvim-tree.actions.finders')
792.982  001.258  001.258: require('nvim-tree.node.file')
792.998  001.587  000.329: require('nvim-tree.actions.fs.create-file')
793.532  000.135  000.135: require('nvim-tree.lib')
793.727  000.083  000.083: require('nvim-tree.node.link')
793.744  000.204  000.121: require('nvim-tree.node.directory-link')
793.753  000.750  000.411: require('nvim-tree.actions.fs.remove-file')
793.870  000.114  000.114: require('nvim-tree.actions.fs.rename-file')
793.978  000.102  000.102: require('nvim-tree.actions.fs.trash')
793.984  002.970  000.417: require('nvim-tree.actions.fs')
794.323  000.162  000.162: require('nvim-tree.diagnostics')
794.332  000.259  000.097: require('nvim-tree.actions.moves.item')
794.419  000.083  000.083: require('nvim-tree.actions.moves.parent')
794.503  000.080  000.080: require('nvim-tree.actions.moves.sibling')
794.508  000.520  000.098: require('nvim-tree.actions.moves')
794.701  000.099  000.099: require('nvim-tree.actions.node.file-popup')
794.957  000.111  000.111: require('nvim-tree.renderer.components.full-name')
794.969  000.263  000.152: require('nvim-tree.actions.node.open-file')
795.060  000.088  000.088: require('nvim-tree.actions.node.run-command')
795.161  000.095  000.095: require('nvim-tree.actions.node.system-open')
795.272  000.106  000.106: require('nvim-tree.actions.node.buffer')
795.278  000.765  000.113: require('nvim-tree.actions.node')
795.549  000.103  000.103: require('nvim-tree.actions.root.change-dir')
795.555  000.274  000.171: require('nvim-tree.actions.root')
795.812  000.095  000.095: require('nvim-tree.actions.tree.find-file')
796.002  000.094  000.094: require('nvim-tree.actions.tree.modifiers.collapse')
796.106  000.100  000.100: require('nvim-tree.actions.tree.modifiers.expand')
796.112  000.294  000.101: require('nvim-tree.actions.tree.modifiers')
796.227  000.111  000.111: require('nvim-tree.actions.tree.open')
796.324  000.092  000.092: require('nvim-tree.actions.tree.toggle')
796.453  000.125  000.125: require('nvim-tree.actions.tree.resize')
796.460  000.901  000.185: require('nvim-tree.actions.tree')
796.465  009.499  000.115: require('nvim-tree.actions')
796.758  000.180  000.180: require('nvim-tree.appearance')
796.782  000.313  000.133: require('nvim-tree.appearance.hi-test')
797.034  000.124  000.124: require('nvim-tree.keymap')
797.048  000.262  000.138: require('nvim-tree.help')
797.249  000.196  000.196: require('nvim-tree.node.file-link')
797.356  000.102  000.102: require('nvim-tree.node.root')
797.559  000.115  000.115: require('nvim-tree.renderer.decorator')
797.568  000.206  000.092: require('nvim-tree.renderer.decorator.user')
797.693  012.069  000.382: require('nvim-tree.api')
798.028  000.330  000.330: require('nvim-tree')
798.325  000.263  000.263: require('nvim-tree.legacy')
799.014  000.032  000.032: sourcing nvim_exec2() called at /home/kabir/.config/nvim/init.lua:0
799.033  000.011  000.011: sourcing nvim_exec2() called at /home/kabir/.config/nvim/init.lua:0
800.041  000.078  000.078: require('nvim-tree.buffers')
800.249  000.104  000.104: require('nvim-tree.git.runner')
800.396  000.144  000.144: require('nvim-tree.watcher')
800.407  000.358  000.110: require('nvim-tree.git')
800.475  000.065  000.065: require('nvim-tree.node.factory')
800.597  000.051  000.051: require('nvim-tree.enum')
800.606  000.127  000.076: require('nvim-tree.explorer.filters')
800.729  000.121  000.121: require('nvim-tree.marks')
800.885  000.153  000.153: require('nvim-tree.explorer.live-filter')
800.981  000.091  000.091: require('nvim-tree.explorer.sorter')
801.094  000.109  000.109: require('nvim-tree.actions.fs.clipboard')
801.465  000.098  000.098: require('nvim-tree.renderer.decorator.bookmarks')
801.532  000.063  000.063: require('nvim-tree.renderer.decorator.copied')
801.591  000.056  000.056: require('nvim-tree.renderer.decorator.cut')
801.663  000.069  000.069: require('nvim-tree.renderer.decorator.diagnostics')
801.748  000.081  000.081: require('nvim-tree.renderer.decorator.git')
801.808  000.057  000.057: require('nvim-tree.renderer.decorator.hidden')
801.867  000.057  000.057: require('nvim-tree.renderer.decorator.modified')
801.924  000.054  000.054: require('nvim-tree.renderer.decorator.opened')
801.989  000.061  000.061: require('nvim-tree.renderer.components.padding')
801.999  000.718  000.123: require('nvim-tree.renderer.builder')
802.029  000.932  000.214: require('nvim-tree.renderer')
802.058  002.284  000.251: require('nvim-tree.explorer')
802.129  000.069  000.069: require('nvim-tree.explorer.watch')
802.221  000.078  000.078: require('nvim-tree.renderer.components')
802.482  000.009  000.009: sourcing nvim_exec2() called at /home/kabir/.config/nvim/init.lua:0
802.537  000.003  000.003: sourcing nvim_exec2() called at /home/kabir/.config/nvim/init.lua:0
802.564  000.016  000.016: sourcing nvim_exec2() called at /home/kabir/.config/nvim/init.lua:0
803.162  000.081  000.081: require('lualine_require')
803.640  001.063  000.982: require('lualine')
803.917  000.021  000.021: sourcing nvim_exec2() called at /home/kabir/.config/nvim/init.lua:0
804.461  000.095  000.095: require('lualine.themes.gruvbox_dark')
805.033  000.016  000.016: sourcing nvim_exec2() called at /home/kabir/.config/nvim/init.lua:0
805.057  000.005  000.005: sourcing nvim_exec2() called at /home/kabir/.config/nvim/init.lua:0
805.070  000.004  000.004: sourcing nvim_exec2() called at /home/kabir/.config/nvim/init.lua:0
805.084  000.004  000.004: sourcing nvim_exec2() called at /home/kabir/.config/nvim/init.lua:0
805.096  000.004  000.004: sourcing nvim_exec2() called at /home/kabir/.config/nvim/init.lua:0
805.106  000.003  000.003: sourcing nvim_exec2() called at /home/kabir/.config/nvim/init.lua:0
805.153  000.006  000.006: sourcing nvim_exec2() called at /home/kabir/.config/nvim/init.lua:0
805.166  000.004  000.004: sourcing nvim_exec2() called at /home/kabir/.config/nvim/init.lua:0
805.176  000.003  000.003: sourcing nvim_exec2() called at /home/kabir/.config/nvim/init.lua:0
805.200  000.004  000.004: sourcing nvim_exec2() called at /home/kabir/.config/nvim/init.lua:0
805.259  000.006  000.006: sourcing nvim_exec2() called at /home/kabir/.config/nvim/init.lua:0
805.270  000.003  000.003: sourcing nvim_exec2() called at /home/kabir/.config/nvim/init.lua:0
805.282  000.004  000.004: sourcing nvim_exec2() called at /home/kabir/.config/nvim/init.lua:0
805.293  000.003  000.003: sourcing nvim_exec2() called at /home/kabir/.config/nvim/init.lua:0
805.302  000.003  000.003: sourcing nvim_exec2() called at /home/kabir/.config/nvim/init.lua:0
805.312  000.003  000.003: sourcing nvim_exec2() called at /home/kabir/.config/nvim/init.lua:0
805.323  000.004  000.004: sourcing nvim_exec2() called at /home/kabir/.config/nvim/init.lua:0
805.334  000.003  000.003: sourcing nvim_exec2() called at /home/kabir/.config/nvim/init.lua:0
805.344  000.003  000.003: sourcing nvim_exec2() called at /home/kabir/.config/nvim/init.lua:0
805.367  000.019  000.019: sourcing nvim_exec2() called at /home/kabir/.config/nvim/init.lua:0
807.044  000.021  000.021: sourcing nvim_exec2() called at /home/kabir/.config/nvim/init.lua:0
807.065  000.009  000.009: sourcing nvim_exec2() called at /home/kabir/.config/nvim/init.lua:0
807.241  000.123  000.123: require('lualine.utils.mode')
807.666  000.023  000.023: sourcing nvim_exec2() called at /home/kabir/.config/nvim/init.lua:0
807.737  000.013  000.013: sourcing nvim_exec2() called at /home/kabir/.config/nvim/init.lua:0
807.767  000.023  000.023: sourcing nvim_exec2() called at /home/kabir/.config/nvim/init.lua:0
807.784  000.010  000.010: sourcing nvim_exec2() called at /home/kabir/.config/nvim/init.lua:0
807.797  000.007  000.007: sourcing nvim_exec2() called at /home/kabir/.config/nvim/init.lua:0
807.991  000.005  000.005: sourcing nvim_exec2() called at /home/kabir/.config/nvim/init.lua:0
808.006  000.002  000.002: sourcing nvim_exec2() called at /home/kabir/.config/nvim/init.lua:0
810.134  000.051  000.051: sourcing /home/kabir/.local/share/nvim/lazy/plenary.nvim/plugin/plenary.vim
810.145  000.122  000.071: sourcing nvim_exec2() called at /home/kabir/.config/nvim/init.lua:0
810.161  000.004  000.004: sourcing nvim_exec2() called at /home/kabir/.config/nvim/init.lua:0
810.196  000.002  000.002: sourcing nvim_exec2() called at /home/kabir/.config/nvim/init.lua:0
810.601  000.005  000.005: sourcing nvim_exec2() called at /home/kabir/.config/nvim/init.lua:0
810.617  000.002  000.002: sourcing nvim_exec2() called at /home/kabir/.config/nvim/init.lua:0
811.468  000.072  000.072: require('notify.util.queue')
811.476  000.177  000.105: require('notify.util')
811.591  000.042  000.042: sourcing nvim_exec2() called at /home/kabir/.config/nvim/init.lua:0
811.623  000.025  000.025: sourcing nvim_exec2() called at /home/kabir/.config/nvim/init.lua:0
811.627  000.148  000.081: require('notify.config.highlights')
811.636  000.495  000.169: require('notify.config')
811.830  000.067  000.067: require('notify.stages')
811.915  000.081  000.081: require('notify.service.notification')
812.153  000.064  000.064: require('notify.animate.spring')
812.157  000.127  000.063: require('notify.animate')
812.162  000.245  000.117: require('notify.windows')
812.447  000.084  000.084: require('notify.service.buffer.highlights')
812.458  000.199  000.115: require('notify.service.buffer')
812.461  000.297  000.098: require('notify.service')
812.551  000.088  000.088: require('notify.stages.util')
812.556  000.917  000.139: require('notify.instance')
812.561  001.933  000.521: require('notify')
812.719  000.079  000.079: require('notify.stages.slide')
812.758  000.013  000.013: sourcing nvim_exec2() called at /home/kabir/.config/nvim/init.lua:0
812.766  000.004  000.004: sourcing nvim_exec2() called at /home/kabir/.config/nvim/init.lua:0
813.214  000.319  000.319: sourcing /home/kabir/.local/share/nvim/lazy/telescope.nvim/plugin/telescope.lua
813.227  000.388  000.069: sourcing nvim_exec2() called at /home/kabir/.config/nvim/init.lua:0
813.241  000.005  000.005: sourcing nvim_exec2() called at /home/kabir/.config/nvim/init.lua:0
813.267  000.002  000.002: sourcing nvim_exec2() called at /home/kabir/.config/nvim/init.lua:0
813.611  000.103  000.103: require('telescope._extensions')
813.618  000.342  000.238: require('telescope')
814.241  000.129  000.129: require('plenary.bit')
814.318  000.073  000.073: require('plenary.functional')
814.363  000.423  000.222: require('plenary.path')
814.385  000.527  000.104: require('plenary.strings')
814.469  000.082  000.082: require('telescope.deprecated')
815.008  000.318  000.318: require('plenary.log')
815.044  000.428  000.110: require('telescope.log')
816.470  000.108  000.108: require('plenary.compat')
816.488  001.218  001.111: require('plenary.job')
816.566  000.075  000.075: require('telescope.state')
816.602  001.555  000.262: require('telescope.utils')
816.612  002.139  000.157: require('telescope.sorters')
819.692  006.070  003.321: require('telescope.config')
822.445  000.351  000.351: require('fzf_lib')
822.459  000.590  000.238: require('telescope._extensions.fzf')
823.740  000.125  000.125: require('plenary.tbl')
823.756  000.230  000.106: require('plenary.vararg.rotate')
823.759  000.319  000.089: require('plenary.vararg')
823.843  000.081  000.081: require('plenary.errors')
823.852  000.541  000.141: require('plenary.async.async')
824.279  000.137  000.137: require('plenary.async.structs')
824.322  000.300  000.163: require('plenary.async.control')
824.333  000.401  000.101: require('plenary.async.util')
824.342  000.488  000.087: require('plenary.async.tests')
824.346  001.338  000.309: require('plenary.async')
824.684  000.164  000.164: require('plenary.window.border')
824.778  000.090  000.090: require('plenary.window')
824.881  000.100  000.100: require('plenary.popup.utils')
824.889  000.539  000.186: require('plenary.popup')
825.786  000.387  000.387: require('telescope.pickers.scroller')
825.914  000.121  000.121: require('telescope.actions.state')
826.031  000.113  000.113: require('telescope.actions.utils')
826.386  000.222  000.222: require('telescope.actions.mt')
826.426  000.392  000.169: require('telescope.actions.set')
826.863  000.229  000.229: require('telescope.config.resolve')
826.871  000.442  000.213: require('telescope.pickers.entry_display')
826.973  000.099  000.099: require('telescope.from_entry')
827.494  002.603  001.049: require('telescope.actions')
827.662  000.162  000.162: require('telescope.debounce')
827.939  000.272  000.272: require('telescope.mappings')
828.091  000.147  000.147: require('telescope.pickers.highlights')
828.233  000.137  000.137: require('telescope.pickers.window')
828.502  000.103  000.103: require('telescope.algos.linked_list')
828.512  000.275  000.171: require('telescope.entry_manager')
828.598  000.084  000.084: require('telescope.pickers.multi')
828.632  005.994  000.438: require('telescope.pickers')
829.244  000.491  000.491: require('telescope.make_entry')
829.500  000.250  000.250: require('telescope.finders.async_static_finder')
829.848  000.096  000.096: require('plenary.class')
829.952  000.341  000.245: require('telescope._')
829.958  000.453  000.113: require('telescope.finders.async_oneshot_finder')
830.080  000.120  000.120: require('telescope.finders.async_job_finder')
830.094  001.459  000.144: require('telescope.finders')
830.352  000.125  000.125: require('telescope.previewers.previewer')
830.642  000.285  000.285: require('telescope.previewers.term_previewer')
832.779  000.309  000.309: require('plenary.context_manager')
836.271  001.294  001.294: require('nvim-treesitter.utils')
837.950  000.065  000.065: require('vim.treesitter.language')
838.009  000.049  000.049: require('vim.func')
838.072  000.059  000.059: require('vim.treesitter._range')
838.135  000.056  000.056: require('vim.func._memoize')
838.234  000.454  000.224: require('vim.treesitter.query')
838.259  000.604  000.151: require('vim.treesitter.languagetree')
838.269  001.069  000.464: require('vim.treesitter')
839.339  003.058  001.989: require('nvim-treesitter.parsers')
839.704  000.060  000.060: require('nvim-treesitter.compat')
839.860  000.085  000.085: require('nvim-treesitter.ts_utils')
839.869  000.160  000.075: require('nvim-treesitter.tsrange')
839.928  000.056  000.056: require('nvim-treesitter.caching')
839.944  000.379  000.102: require('nvim-treesitter.query')
839.965  000.504  000.125: require('nvim-treesitter.configs')
839.971  000.624  000.121: require('nvim-treesitter.info')
840.076  000.102  000.102: require('nvim-treesitter.shell_command_selectors')
840.115  005.810  000.731: require('nvim-treesitter.install')
840.200  000.082  000.082: require('nvim-treesitter.statusline')
840.291  000.084  000.084: require('nvim-treesitter.query_predicates')
840.296  006.501  000.525: require('nvim-treesitter')
841.607  008.009  001.508: sourcing /home/kabir/.local/share/nvim/lazy/nvim-treesitter/plugin/nvim-treesitter.lua
841.624  008.102  000.093: sourcing nvim_exec2() called at /home/kabir/.config/nvim/init.lua:0
841.645  000.004  000.004: sourcing nvim_exec2() called at /home/kabir/.config/nvim/init.lua:0
841.672  000.002  000.002: sourcing nvim_exec2() called at /home/kabir/.config/nvim/init.lua:0
846.925  000.107  000.107: require('nvim-treesitter.highlight')
847.481  000.104  000.104: require('nvim-treesitter.indent')
847.692  000.082  000.082: require('nvim-treesitter.locals')
847.701  000.175  000.093: require('nvim-treesitter.incremental_selection')
847.723  014.933  006.437: require('nvim-treesitter')
847.732  016.519  001.277: require('telescope.previewers.utils')
849.268  001.532  001.532: require('plenary.filetype')
849.616  000.341  000.341: require('plenary.scandir')
849.736  019.091  000.698: require('telescope.previewers.buffer_previewer')
849.745  019.647  000.146: require('telescope.previewers')
849.757  027.253  000.153: require('telescope._extensions.notify')
849.770  041.755  004.941: require('telescope')
849.985  000.010  000.010: sourcing nvim_exec2() called at /home/kabir/.config/nvim/init.lua:0
850.002  000.002  000.002: sourcing nvim_exec2() called at /home/kabir/.config/nvim/init.lua:0
850.583  000.061  000.061: require('toggleterm.lazy')
850.644  000.055  000.055: require('toggleterm.constants')
850.805  000.156  000.156: require('toggleterm.terminal')
850.819  000.809  000.536: require('toggleterm')
851.056  000.105  000.105: require('toggleterm.colors')
851.168  000.106  000.106: require('toggleterm.utils')
851.207  000.383  000.172: require('toggleterm.config')
853.095  000.130  000.130: require('toggleterm.commandline')
853.395  000.010  000.010: sourcing nvim_exec2() called at /home/kabir/.local/share/nvim/lazy/persisted.nvim/plugin/persisted.lua:0
853.406  000.004  000.004: sourcing nvim_exec2() called at /home/kabir/.local/share/nvim/lazy/persisted.nvim/plugin/persisted.lua:0
853.413  000.004  000.004: sourcing nvim_exec2() called at /home/kabir/.local/share/nvim/lazy/persisted.nvim/plugin/persisted.lua:0
853.419  000.003  000.003: sourcing nvim_exec2() called at /home/kabir/.local/share/nvim/lazy/persisted.nvim/plugin/persisted.lua:0
853.426  000.004  000.004: sourcing nvim_exec2() called at /home/kabir/.local/share/nvim/lazy/persisted.nvim/plugin/persisted.lua:0
853.432  000.003  000.003: sourcing nvim_exec2() called at /home/kabir/.local/share/nvim/lazy/persisted.nvim/plugin/persisted.lua:0
853.438  000.003  000.003: sourcing nvim_exec2() called at /home/kabir/.local/share/nvim/lazy/persisted.nvim/plugin/persisted.lua:0
853.444  000.003  000.003: sourcing nvim_exec2() called at /home/kabir/.local/share/nvim/lazy/persisted.nvim/plugin/persisted.lua:0
854.319  000.232  000.232: require('persisted.config')
854.396  000.069  000.069: require('persisted.utils')
854.411  000.964  000.663: require('persisted')
854.423  001.102  000.102: sourcing /home/kabir/.local/share/nvim/lazy/persisted.nvim/plugin/persisted.lua
854.432  001.172  000.070: sourcing nvim_exec2() called at /home/kabir/.config/nvim/init.lua:0
854.448  000.006  000.006: sourcing nvim_exec2() called at /home/kabir/.config/nvim/init.lua:0
854.466  000.002  000.002: sourcing nvim_exec2() called at /home/kabir/.config/nvim/init.lua:0
854.742  000.005  000.005: sourcing nvim_exec2() called at /home/kabir/.config/nvim/init.lua:0
854.758  000.002  000.002: sourcing nvim_exec2() called at /home/kabir/.config/nvim/init.lua:0
855.450  000.062  000.062: require('bufferline.lazy')
855.566  000.106  000.106: require('bufferline.commands')
855.740  000.167  000.167: require('bufferline.config')
855.747  000.954  000.620: require('bufferline')
856.142  000.111  000.111: require('bufferline.utils')
856.148  000.281  000.170: require('bufferline.groups')
856.272  000.096  000.096: require('bufferline.constants')
856.337  000.059  000.059: require('bufferline.colors')
856.685  000.109  000.109: require('bufferline.highlights')
859.294  001.482  001.482: require('bufferline.hover')
859.703  000.174  000.174: require('bufferline.ui')
860.066  000.107  000.107: sourcing /opt/nvim/share/nvim/runtime/plugin/editorconfig.lua
860.078  000.173  000.066: sourcing nvim_exec2() called at /home/kabir/.config/nvim/init.lua:0
860.416  000.278  000.278: sourcing /opt/nvim/share/nvim/runtime/plugin/gzip.vim
860.425  000.334  000.056: sourcing nvim_exec2() called at /home/kabir/.config/nvim/init.lua:0
860.638  000.096  000.096: sourcing /opt/nvim/share/nvim/runtime/plugin/man.lua
860.648  000.152  000.056: sourcing nvim_exec2() called at /home/kabir/.config/nvim/init.lua:0
861.753  000.283  000.283: sourcing /opt/nvim/share/nvim/runtime/pack/dist/opt/matchit/plugin/matchit.vim
861.787  001.087  000.804: sourcing /opt/nvim/share/nvim/runtime/plugin/matchit.vim
861.794  001.137  000.050: sourcing nvim_exec2() called at /home/kabir/.config/nvim/init.lua:0
862.039  000.188  000.188: sourcing /opt/nvim/share/nvim/runtime/plugin/matchparen.vim
862.047  000.238  000.050: sourcing nvim_exec2() called at /home/kabir/.config/nvim/init.lua:0
863.099  000.314  000.314: sourcing /opt/nvim/share/nvim/runtime/pack/dist/opt/netrw/plugin/netrwPlugin.vim
863.130  001.031  000.717: sourcing /opt/nvim/share/nvim/runtime/plugin/netrwPlugin.vim
863.136  001.080  000.049: sourcing nvim_exec2() called at /home/kabir/.config/nvim/init.lua:0
863.320  000.103  000.103: sourcing /opt/nvim/share/nvim/runtime/plugin/nvim/net.lua
863.329  000.180  000.077: sourcing nvim_exec2() called at /home/kabir/.config/nvim/init.lua:0
863.547  000.152  000.152: sourcing /opt/nvim/share/nvim/runtime/plugin/nvim/spellfile.lua
863.556  000.217  000.065: sourcing nvim_exec2() called at /home/kabir/.config/nvim/init.lua:0
863.726  000.111  000.111: sourcing /opt/nvim/share/nvim/runtime/plugin/osc52.lua
863.735  000.169  000.058: sourcing nvim_exec2() called at /home/kabir/.config/nvim/init.lua:0
864.016  000.225  000.225: sourcing /opt/nvim/share/nvim/runtime/plugin/rplugin.vim
864.024  000.281  000.056: sourcing nvim_exec2() called at /home/kabir/.config/nvim/init.lua:0
864.232  000.149  000.149: sourcing /opt/nvim/share/nvim/runtime/plugin/shada.lua
864.240  000.206  000.057: sourcing nvim_exec2() called at /home/kabir/.config/nvim/init.lua:0
864.439  000.139  000.139: sourcing /opt/nvim/share/nvim/runtime/plugin/tarPlugin.vim
864.447  000.199  000.059: sourcing nvim_exec2() called at /home/kabir/.config/nvim/init.lua:0
864.645  000.141  000.141: sourcing /opt/nvim/share/nvim/runtime/plugin/tohtml.lua
864.654  000.198  000.057: sourcing nvim_exec2() called at /home/kabir/.config/nvim/init.lua:0
864.793  000.037  000.037: sourcing /opt/nvim/share/nvim/runtime/plugin/tutor.vim
864.800  000.096  000.059: sourcing nvim_exec2() called at /home/kabir/.config/nvim/init.lua:0
865.039  000.185  000.185: sourcing /opt/nvim/share/nvim/runtime/plugin/zipPlugin.vim
865.047  000.239  000.054: sourcing nvim_exec2() called at /home/kabir/.config/nvim/init.lua:0
865.432  838.657  741.673: require('core.lazy')
865.536  000.097  000.097: require('core.commands')
865.570  856.075  000.144: require('core')
865.575  856.244  000.169: sourcing /home/kabir/.config/nvim/init.lua
865.588  001.332: sourcing vimrc file(s)
866.255  000.126  000.126: sourcing /opt/nvim/share/nvim/runtime/filetype.lua
866.673  000.106  000.106: sourcing /opt/nvim/share/nvim/runtime/syntax/synload.vim
868.092  001.711  001.605: sourcing /opt/nvim/share/nvim/runtime/syntax/syntax.vim
868.122  000.697: inits 3
872.124  004.002: reading ShaDa
872.403  000.279: opening buffers
872.635  000.106  000.106: require('bufferline.state')
872.677  000.167: BufEnter autocommands
872.686  000.009: editing files in windows
872.696  000.010: --- NVIM STARTED ---

--- Startup times for process: Primary (or UI client) ---

times in msec
 clock   self+sourced   self:  sourced script
 clock   elapsed:              other lines

000.001  000.001: --- NVIM STARTING ---
000.338  000.337: event init
000.537  000.199: early init
000.648  000.111: locale set
000.741  000.093: init first window
001.988  001.247: inits 1
002.016  000.028: window checked
002.022  000.006: parsing arguments
003.256  000.112  000.112: require('vim.shared')
003.496  000.097  000.097: require('vim.inspect')
003.629  000.113  000.113: require('vim._options')
003.647  000.374  000.164: require('vim._editor')
003.715  000.066  000.066: require('vim._system')
003.718  000.625  000.074: require('vim._init_packages')
003.722  001.075: init lua interpreter
007.160  003.438: nvim_ui_attach
008.193  001.033: nvim_set_client_info
008.198  000.005: --- NVIM STARTED ---

--- Startup times for process: Embedded ---

times in msec
 clock   self+sourced   self:  sourced script
 clock   elapsed:              other lines

000.001  000.001: --- NVIM STARTING ---
000.353  000.352: event init
000.650  000.297: early init
000.759  000.108: locale set
000.864  000.106: init first window
001.806  000.941: inits 1
001.848  000.043: window checked
001.854  000.006: parsing arguments
003.106  000.116  000.116: require('vim.shared')
003.343  000.097  000.097: require('vim.inspect')
003.467  000.103  000.103: require('vim._options')
003.484  000.371  000.171: require('vim._editor')
003.570  000.083  000.083: require('vim._system')
003.574  000.639  000.070: require('vim._init_packages')
003.577  001.084: init lua interpreter
003.751  000.174: expanding arguments
003.810  000.059: inits 2
004.487  000.677: init highlight
004.490  000.003: waiting for UI
004.743  000.253: done waiting for UI
004.753  000.010: clear screen
005.175  000.024  000.024: require('vim.keymap')
007.453  000.444  000.444: sourcing nvim_exec2()
007.837  003.077  002.609: require('vim._defaults')
007.866  000.035: init default mappings & autocommands
009.072  000.095  000.095: sourcing /opt/nvim/share/nvim/runtime/ftplugin.vim
009.220  000.060  000.060: sourcing /opt/nvim/share/nvim/runtime/indent.vim
010.481  000.640  000.640: require('core.options')
019.501  002.284  002.284: require('vim.lsp.protocol')
019.642  000.099  000.099: require('vim.fs')
019.713  002.895  000.513: require('vim.lsp.log')
024.148  004.426  004.426: require('vim.lsp.util')
025.401  000.573  000.573: require('vim.lsp.sync')
025.501  001.339  000.766: require('vim.lsp._changetracking')
026.693  000.333  000.333: require('vim.lsp._transport')
026.890  000.015  000.015: require('string.buffer')
026.897  000.194  000.179: require('vim._stringbuffer')
027.013  001.502  000.975: require('vim.lsp.rpc')
027.081  012.446  002.285: require('vim.lsp')
029.223  000.021  000.021: require('vim.F')
029.253  002.163  002.142: require('vim.lsp.buf')
029.499  019.008  004.399: require('core.keymaps')
029.664  000.160  000.160: require('core.autocmds')
031.232  001.352  001.352: require('lazy')
031.320  000.045  000.045: require('ffi')
031.680  000.288  000.288: require('vim.uri')
031.719  000.390  000.102: require('vim.loader')
032.430  000.672  000.672: require('lazy.stats')
032.749  000.278  000.278: require('lazy.core.util')
033.399  000.644  000.644: require('lazy.core.config')
034.032  000.300  000.300: require('lazy.core.handler')
034.972  000.396  000.396: require('lazy.pkg')
034.986  000.717  000.321: require('lazy.core.meta')
035.005  000.967  000.250: require('lazy.core.plugin')
035.028  001.622  000.355: require('lazy.core.loader')
036.477  000.400  000.400: require('lazy.core.fragments')
049.339  000.269  000.269: require('lazy.core.handler.cmd')
049.687  000.206  000.206: require('lazy.core.handler.event')
049.695  000.341  000.136: require('lazy.core.handler.ft')
049.885  000.169  000.169: require('lazy.core.handler.keys')
051.518  000.014  000.014: sourcing nvim_exec2() called at /home/kabir/.config/nvim/init.lua:0
051.731  000.038  000.038: sourcing /home/kabir/.local/share/nvim/lazy/kotlin-vim/ftdetect/kotlin.vim
051.741  000.125  000.086: sourcing nvim_exec2() called at /home/kabir/.config/nvim/init.lua:0
051.754  000.003  000.003: sourcing nvim_exec2() called at /home/kabir/.config/nvim/init.lua:0
051.960  000.005  000.005: sourcing nvim_exec2() called at /home/kabir/.config/nvim/init.lua:0
052.109  000.027  000.027: sourcing /home/kabir/.local/share/nvim/lazy/vim-gradle/ftdetect/gradle.vim
052.119  000.102  000.075: sourcing nvim_exec2() called at /home/kabir/.config/nvim/init.lua:0
052.131  000.003  000.003: sourcing nvim_exec2() called at /home/kabir/.config/nvim/init.lua:0
052.827  000.006  000.006: sourcing nvim_exec2() called at /home/kabir/.config/nvim/init.lua:0
052.858  000.003  000.003: sourcing nvim_exec2() called at /home/kabir/.config/nvim/init.lua:0
052.901  000.004  000.004: sourcing nvim_exec2() called at /home/kabir/.config/nvim/init.lua:0
059.458  006.321  006.321: require('vim.filetype')
059.473  006.443  000.121: sourcing /home/kabir/.local/share/nvim/lazy/rest.nvim/ftdetect/http.lua
059.491  006.532  000.090: sourcing nvim_exec2() called at /home/kabir/.config/nvim/init.lua:0
059.517  000.008  000.008: sourcing nvim_exec2() called at /home/kabir/.config/nvim/init.lua:0
063.143  000.327  000.327: sourcing nvim_exec2() called at /opt/nvim/share/nvim/runtime/filetype.lua:0
063.155  000.680  000.353: sourcing /opt/nvim/share/nvim/runtime/filetype.lua
063.164  000.774  000.094: sourcing nvim_exec2() called at /home/kabir/.config/nvim/init.lua:0
063.619  000.008  000.008: sourcing nvim_exec2() called at /home/kabir/.config/nvim/init.lua:0
063.657  000.003  000.003: sourcing nvim_exec2() called at /home/kabir/.config/nvim/init.lua:0
067.091  003.424  003.424: require('gruvbox')
069.102  000.142  000.142: require('vim.version')
076.131  007.318  007.176: sourcing /home/kabir/.local/share/nvim/lazy/gruvbox.nvim/colors/gruvbox.lua
076.159  008.846  001.528: sourcing nvim_exec2() called at /home/kabir/.config/nvim/init.lua:0
076.325  000.150  000.150: sourcing nvim_exec2() called at /home/kabir/.config/nvim/init.lua:0
076.951  000.072  000.072: sourcing /home/kabir/.local/share/nvim/lazy/nvim-web-devicons/plugin/nvim-web-devicons.vim
076.962  000.165  000.094: sourcing nvim_exec2() called at /home/kabir/.config/nvim/init.lua:0
076.978  000.005  000.005: sourcing nvim_exec2() called at /home/kabir/.config/nvim/init.lua:0
077.007  000.003  000.003: sourcing nvim_exec2() called at /home/kabir/.config/nvim/init.lua:0
077.999  000.296  000.296: require('nvim-web-devicons.filetypes')
078.755  000.602  000.602: require('nvim-web-devicons.default.icons_by_filename')
080.165  001.404  001.404: require('nvim-web-devicons.default.icons_by_file_extension')
080.460  000.287  000.287: require('nvim-web-devicons.default.icons_by_operating_system')
080.608  000.143  000.143: require('nvim-web-devicons.default.icons_by_desktop_environment')
080.740  000.126  000.126: require('nvim-web-devicons.default.icons_by_window_manager')
080.745  002.717  000.155: require('nvim-web-devicons.icons-default')
081.636  004.536  001.523: require('nvim-web-devicons')
089.500  000.012  000.012: sourcing nvim_exec2() called at /home/kabir/.config/nvim/init.lua:0
089.548  000.004  000.004: sourcing nvim_exec2() called at /home/kabir/.config/nvim/init.lua:0
089.578  000.017  000.017: sourcing nvim_exec2() called at /home/kabir/.config/nvim/init.lua:0
090.206  000.199  000.199: require('lualine_require')
091.031  001.447  001.248: require('lualine')
091.999  000.037  000.037: sourcing nvim_exec2() called at /home/kabir/.config/nvim/init.lua:0
093.161  000.282  000.282: require('lualine.themes.gruvbox_dark')
094.388  000.023  000.023: sourcing nvim_exec2() called at /home/kabir/.config/nvim/init.lua:0
094.424  000.009  000.009: sourcing nvim_exec2() called at /home/kabir/.config/nvim/init.lua:0
094.454  000.008  000.008: sourcing nvim_exec2() called at /home/kabir/.config/nvim/init.lua:0
094.475  000.006  000.006: sourcing nvim_exec2() called at /home/kabir/.config/nvim/init.lua:0
094.496  000.006  000.006: sourcing nvim_exec2() called at /home/kabir/.config/nvim/init.lua:0
094.563  000.008  000.008: sourcing nvim_exec2() called at /home/kabir/.config/nvim/init.lua:0
094.583  000.005  000.005: sourcing nvim_exec2() called at /home/kabir/.config/nvim/init.lua:0
094.610  000.006  000.006: sourcing nvim_exec2() called at /home/kabir/.config/nvim/init.lua:0
094.629  000.006  000.006: sourcing nvim_exec2() called at /home/kabir/.config/nvim/init.lua:0
094.647  000.005  000.005: sourcing nvim_exec2() called at /home/kabir/.config/nvim/init.lua:0
094.735  000.008  000.008: sourcing nvim_exec2() called at /home/kabir/.config/nvim/init.lua:0
094.785  000.007  000.007: sourcing nvim_exec2() called at /home/kabir/.config/nvim/init.lua:0
094.802  000.005  000.005: sourcing nvim_exec2() called at /home/kabir/.config/nvim/init.lua:0
094.830  000.007  000.007: sourcing nvim_exec2() called at /home/kabir/.config/nvim/init.lua:0
094.939  000.008  000.008: sourcing nvim_exec2() called at /home/kabir/.config/nvim/init.lua:0
094.993  000.035  000.035: sourcing nvim_exec2() called at /home/kabir/.config/nvim/init.lua:0
095.015  000.007  000.007: sourcing nvim_exec2() called at /home/kabir/.config/nvim/init.lua:0
095.042  000.006  000.006: sourcing nvim_exec2() called at /home/kabir/.config/nvim/init.lua:0
095.065  000.006  000.006: sourcing nvim_exec2() called at /home/kabir/.config/nvim/init.lua:0
095.097  000.025  000.025: sourcing nvim_exec2() called at /home/kabir/.config/nvim/init.lua:0
096.760  000.279  000.279: require('lualine.utils.mode')
099.090  000.021  000.021: sourcing nvim_exec2() called at /home/kabir/.config/nvim/init.lua:0
099.126  000.014  000.014: sourcing nvim_exec2() called at /home/kabir/.config/nvim/init.lua:0
099.771  000.026  000.026: sourcing nvim_exec2() called at /home/kabir/.config/nvim/init.lua:0
099.897  000.014  000.014: sourcing nvim_exec2() called at /home/kabir/.config/nvim/init.lua:0
099.949  000.035  000.035: sourcing nvim_exec2() called at /home/kabir/.config/nvim/init.lua:0
099.974  000.015  000.015: sourcing nvim_exec2() called at /home/kabir/.config/nvim/init.lua:0
099.992  000.011  000.011: sourcing nvim_exec2() called at /home/kabir/.config/nvim/init.lua:0
100.151  000.005  000.005: sourcing nvim_exec2() called at /home/kabir/.config/nvim/init.lua:0
100.190  000.003  000.003: sourcing nvim_exec2() called at /home/kabir/.config/nvim/init.lua:0
102.005  000.126  000.126: require('notify.util.queue')
102.017  000.328  000.202: require('notify.util')
102.340  000.067  000.067: sourcing nvim_exec2() called at /home/kabir/.config/nvim/init.lua:0
102.383  000.032  000.032: sourcing nvim_exec2() called at /home/kabir/.config/nvim/init.lua:0
102.389  000.368  000.269: require('notify.config.highlights')
102.402  000.927  000.231: require('notify.config')
102.790  000.160  000.160: require('notify.stages')
103.056  000.260  000.260: require('notify.service.notification')
103.743  000.129  000.129: require('notify.animate.spring')
103.750  000.389  000.260: require('notify.animate')
103.762  000.700  000.311: require('notify.windows')
104.344  000.220  000.220: require('notify.service.buffer.highlights')
104.360  000.430  000.211: require('notify.service.buffer')
104.368  000.602  000.172: require('notify.service')
104.596  000.225  000.225: require('notify.stages.util')
104.605  002.200  000.253: require('notify.instance')
104.621  004.421  001.295: require('notify')
104.919  000.178  000.178: require('notify.stages.slide')
104.995  000.031  000.031: sourcing nvim_exec2() called at /home/kabir/.config/nvim/init.lua:0
105.011  000.008  000.008: sourcing nvim_exec2() called at /home/kabir/.config/nvim/init.lua:0
105.415  000.011  000.011: sourcing nvim_exec2() called at /home/kabir/.local/share/nvim/lazy/persisted.nvim/plugin/persisted.lua:0
105.429  000.006  000.006: sourcing nvim_exec2() called at /home/kabir/.local/share/nvim/lazy/persisted.nvim/plugin/persisted.lua:0
105.443  000.008  000.008: sourcing nvim_exec2() called at /home/kabir/.local/share/nvim/lazy/persisted.nvim/plugin/persisted.lua:0
105.454  000.007  000.007: sourcing nvim_exec2() called at /home/kabir/.local/share/nvim/lazy/persisted.nvim/plugin/persisted.lua:0
105.466  000.008  000.008: sourcing nvim_exec2() called at /home/kabir/.local/share/nvim/lazy/persisted.nvim/plugin/persisted.lua:0
105.477  000.006  000.006: sourcing nvim_exec2() called at /home/kabir/.local/share/nvim/lazy/persisted.nvim/plugin/persisted.lua:0
105.487  000.006  000.006: sourcing nvim_exec2() called at /home/kabir/.local/share/nvim/lazy/persisted.nvim/plugin/persisted.lua:0
105.497  000.006  000.006: sourcing nvim_exec2() called at /home/kabir/.local/share/nvim/lazy/persisted.nvim/plugin/persisted.lua:0
107.370  000.862  000.862: require('persisted.config')
107.740  000.357  000.357: require('persisted.utils')
107.791  002.290  001.071: require('persisted')
107.816  002.538  000.190: sourcing /home/kabir/.local/share/nvim/lazy/persisted.nvim/plugin/persisted.lua
107.830  002.624  000.087: sourcing nvim_exec2() called at /home/kabir/.config/nvim/init.lua:0
107.856  000.009  000.009: sourcing nvim_exec2() called at /home/kabir/.config/nvim/init.lua:0
107.973  000.004  000.004: sourcing nvim_exec2() called at /home/kabir/.config/nvim/init.lua:0
108.606  000.010  000.010: sourcing nvim_exec2() called at /home/kabir/.config/nvim/init.lua:0
108.689  000.004  000.004: sourcing nvim_exec2() called at /home/kabir/.config/nvim/init.lua:0
111.036  000.962  000.962: require('toggleterm.lazy')
111.179  000.131  000.131: require('toggleterm.constants')
111.780  000.578  000.578: require('toggleterm.terminal')
111.798  003.091  001.420: require('toggleterm')
112.025  000.096  000.096: require('toggleterm.colors')
112.133  000.103  000.103: require('toggleterm.utils')
112.150  000.346  000.147: require('toggleterm.config')
115.974  000.190  000.190: require('toggleterm.commandline')
117.302  000.850  000.850: require('nvim-tree.commands')
117.568  001.198  000.348: sourcing /home/kabir/.local/share/nvim/lazy/nvim-tree.lua/plugin/nvim-tree.lua
117.583  001.296  000.098: sourcing nvim_exec2() called at /home/kabir/.config/nvim/init.lua:0
117.604  000.008  000.008: sourcing nvim_exec2() called at /home/kabir/.config/nvim/init.lua:0
117.631  000.003  000.003: sourcing nvim_exec2() called at /home/kabir/.config/nvim/init.lua:0
118.112  000.096  000.096: require('nvim-tree.notify')
118.126  000.210  000.114: require('nvim-tree.events')
118.488  000.192  000.192: require('nvim-tree.utils')
118.617  000.124  000.124: require('nvim-tree.log')
118.646  000.516  000.201: require('nvim-tree.view')
118.653  000.832  000.105: require('nvim-tree.core')
119.141  000.099  000.099: require('nvim-tree.git.utils')
119.227  000.081  000.081: require('nvim-tree.renderer.components.devicons')
119.411  000.085  000.085: require('nvim-tree.classic')
119.502  000.269  000.184: require('nvim-tree.node')
119.516  000.577  000.128: require('nvim-tree.node.directory')
119.639  000.119  000.119: require('nvim-tree.iterators.node-iterator')
119.646  000.811  000.114: require('nvim-tree.actions.finders.find-file')
119.744  000.094  000.094: require('nvim-tree.actions.finders.search-node')
119.749  000.998  000.092: require('nvim-tree.actions.finders')
120.023  000.096  000.096: require('nvim-tree.node.file')
120.030  000.190  000.094: require('nvim-tree.actions.fs.create-file')
120.227  000.094  000.094: require('nvim-tree.lib')
120.393  000.077  000.077: require('nvim-tree.node.link')
120.408  000.176  000.099: require('nvim-tree.node.directory-link')
120.416  000.382  000.112: require('nvim-tree.actions.fs.remove-file')
120.520  000.101  000.101: require('nvim-tree.actions.fs.rename-file')
120.647  000.103  000.103: require('nvim-tree.actions.fs.trash')
120.653  000.900  000.125: require('nvim-tree.actions.fs')
120.928  000.101  000.101: require('nvim-tree.diagnostics')
120.935  000.194  000.093: require('nvim-tree.actions.moves.item')
121.018  000.079  000.079: require('nvim-tree.actions.moves.parent')
121.102  000.079  000.079: require('nvim-tree.actions.moves.sibling')
121.107  000.450  000.098: require('nvim-tree.actions.moves')
121.283  000.089  000.089: require('nvim-tree.actions.node.file-popup')
121.536  000.115  000.115: require('nvim-tree.renderer.components.full-name')
121.547  000.259  000.143: require('nvim-tree.actions.node.open-file')
121.694  000.144  000.144: require('nvim-tree.actions.node.run-command')
121.834  000.134  000.134: require('nvim-tree.actions.node.system-open')
122.004  000.165  000.165: require('nvim-tree.actions.node.buffer')
122.011  000.900  000.109: require('nvim-tree.actions.node')
122.192  000.093  000.093: require('nvim-tree.actions.root.change-dir')
122.198  000.184  000.090: require('nvim-tree.actions.root')
122.376  000.090  000.090: require('nvim-tree.actions.tree.find-file')
122.571  000.106  000.106: require('nvim-tree.actions.tree.modifiers.collapse')
122.720  000.144  000.144: require('nvim-tree.actions.tree.modifiers.expand')
122.726  000.345  000.095: require('nvim-tree.actions.tree.modifiers')
122.916  000.094  000.094: require('nvim-tree.actions.tree.open')
123.004  000.082  000.082: require('nvim-tree.actions.tree.toggle')
123.085  000.076  000.076: require('nvim-tree.actions.tree.resize')
123.090  000.889  000.200: require('nvim-tree.actions.tree')
123.094  004.437  000.117: require('nvim-tree.actions')
123.356  000.166  000.166: require('nvim-tree.appearance')
123.371  000.273  000.107: require('nvim-tree.appearance.hi-test')
123.657  000.166  000.166: require('nvim-tree.keymap')
123.669  000.294  000.127: require('nvim-tree.help')
123.841  000.167  000.167: require('nvim-tree.node.file-link')
123.945  000.099  000.099: require('nvim-tree.node.root')
124.123  000.097  000.097: require('nvim-tree.renderer.decorator')
124.199  000.250  000.153: require('nvim-tree.renderer.decorator.user')
124.284  006.642  000.290: require('nvim-tree.api')
125.381  000.761  000.761: require('vim.diagnostic')
125.437  001.149  000.388: require('nvim-tree')
125.631  000.163  000.163: require('nvim-tree.legacy')
126.160  000.035  000.035: sourcing nvim_exec2() called at /home/kabir/.config/nvim/init.lua:0
126.176  000.007  000.007: sourcing nvim_exec2() called at /home/kabir/.config/nvim/init.lua:0
127.990  000.139  000.139: require('nvim-tree.buffers')
128.306  000.146  000.146: require('nvim-tree.git.runner')
128.540  000.229  000.229: require('nvim-tree.watcher')
128.554  000.556  000.181: require('nvim-tree.git')
128.665  000.106  000.106: require('nvim-tree.node.factory')
128.902  000.090  000.090: require('nvim-tree.enum')
128.915  000.244  000.154: require('nvim-tree.explorer.filters')
129.093  000.174  000.174: require('nvim-tree.marks')
129.249  000.152  000.152: require('nvim-tree.explorer.live-filter')
129.458  000.205  000.205: require('nvim-tree.explorer.sorter')
129.674  000.210  000.210: require('nvim-tree.actions.fs.clipboard')
130.075  000.104  000.104: require('nvim-tree.renderer.decorator.bookmarks')
130.184  000.104  000.104: require('nvim-tree.renderer.decorator.copied')
130.295  000.106  000.106: require('nvim-tree.renderer.decorator.cut')
130.414  000.114  000.114: require('nvim-tree.renderer.decorator.diagnostics')
130.587  000.169  000.169: require('nvim-tree.renderer.decorator.git')
130.698  000.106  000.106: require('nvim-tree.renderer.decorator.hidden')
130.838  000.136  000.136: require('nvim-tree.renderer.decorator.modified')
130.962  000.119  000.119: require('nvim-tree.renderer.decorator.opened')
131.131  000.163  000.163: require('nvim-tree.renderer.components.padding')
131.225  001.419  000.297: require('nvim-tree.renderer.builder')
131.260  001.581  000.162: require('nvim-tree.renderer')
131.304  003.735  000.368: require('nvim-tree.explorer')
131.448  000.139  000.139: require('nvim-tree.explorer.watch')
131.611  000.140  000.140: require('nvim-tree.renderer.components')
131.949  000.011  000.011: sourcing nvim_exec2() called at /home/kabir/.config/nvim/init.lua:0
131.972  000.003  000.003: sourcing nvim_exec2() called at /home/kabir/.config/nvim/init.lua:0
135.673  000.074  000.074: sourcing /home/kabir/.local/share/nvim/lazy/plenary.nvim/plugin/plenary.vim
135.687  000.180  000.106: sourcing nvim_exec2() called at /home/kabir/.config/nvim/init.lua:0
135.704  000.004  000.004: sourcing nvim_exec2() called at /home/kabir/.config/nvim/init.lua:0
135.726  000.003  000.003: sourcing nvim_exec2() called at /home/kabir/.config/nvim/init.lua:0
136.623  000.658  000.658: sourcing /home/kabir/.local/share/nvim/lazy/telescope.nvim/plugin/telescope.lua
136.637  000.738  000.080: sourcing nvim_exec2() called at /home/kabir/.config/nvim/init.lua:0
136.654  000.006  000.006: sourcing nvim_exec2() called at /home/kabir/.config/nvim/init.lua:0
136.681  000.003  000.003: sourcing nvim_exec2() called at /home/kabir/.config/nvim/init.lua:0
137.644  000.183  000.183: require('telescope._extensions')
137.658  000.965  000.782: require('telescope')
138.912  000.286  000.286: require('plenary.bit')
139.105  000.185  000.185: require('plenary.functional')
139.184  000.903  000.433: require('plenary.path')
139.214  001.206  000.303: require('plenary.strings')
139.349  000.132  000.132: require('telescope.deprecated')
140.161  000.385  000.385: require('plenary.log')
140.257  000.657  000.272: require('telescope.log')
141.184  000.250  000.250: require('plenary.compat')
141.212  000.632  000.382: require('plenary.job')
141.347  000.130  000.130: require('telescope.state')
141.375  001.113  000.351: require('telescope.utils')
141.400  002.046  000.276: require('telescope.sorters')
147.652  009.987  006.603: require('telescope.config')
150.717  000.399  000.399: require('fzf_lib')
150.734  000.669  000.270: require('telescope._extensions.fzf')
153.410  000.282  000.282: require('plenary.tbl')
153.437  000.588  000.306: require('plenary.vararg.rotate')
153.441  000.947  000.360: require('plenary.vararg')
153.664  000.219  000.219: require('plenary.errors')
153.686  001.469  000.303: require('plenary.async.async')
154.927  000.407  000.407: require('plenary.async.structs')
154.968  000.803  000.395: require('plenary.async.control')
154.993  001.076  000.273: require('plenary.async.util')
155.011  001.320  000.244: require('plenary.async.tests')
155.016  003.514  000.726: require('plenary.async')
156.513  000.958  000.958: require('plenary.window.border')
156.983  000.431  000.431: require('plenary.window')
157.174  000.185  000.185: require('plenary.popup.utils')
157.213  002.193  000.618: require('plenary.popup')
158.183  000.306  000.306: require('telescope.pickers.scroller')
158.286  000.095  000.095: require('telescope.actions.state')
158.388  000.096  000.096: require('telescope.actions.utils')
158.614  000.114  000.114: require('telescope.actions.mt')
158.648  000.256  000.142: require('telescope.actions.set')
158.844  000.100  000.100: require('telescope.config.resolve')
158.850  000.198  000.099: require('telescope.pickers.entry_display')
158.930  000.076  000.076: require('telescope.from_entry')
159.355  002.137  001.108: require('telescope.actions')
159.481  000.120  000.120: require('telescope.debounce')
159.705  000.218  000.218: require('telescope.mappings')
159.825  000.113  000.113: require('telescope.pickers.highlights')
159.920  000.090  000.090: require('telescope.pickers.window')
160.112  000.093  000.093: require('telescope.algos.linked_list')
160.122  000.197  000.105: require('telescope.entry_manager')
160.218  000.093  000.093: require('telescope.pickers.multi')
160.252  009.266  000.591: require('telescope.pickers')
160.669  000.312  000.312: require('telescope.make_entry')
160.767  000.093  000.093: require('telescope.finders.async_static_finder')
161.066  000.081  000.081: require('plenary.class')
161.096  000.237  000.156: require('telescope._')
161.101  000.329  000.093: require('telescope.finders.async_oneshot_finder')
161.192  000.088  000.088: require('telescope.finders.async_job_finder')
161.205  000.949  000.128: require('telescope.finders')
161.390  000.089  000.089: require('telescope.previewers.previewer')
161.650  000.255  000.255: require('telescope.previewers.term_previewer')
162.093  000.079  000.079: require('plenary.context_manager')
164.367  000.126  000.126: require('nvim-treesitter.utils')
165.812  000.090  000.090: require('vim.treesitter.language')
165.889  000.068  000.068: require('vim.func')
165.979  000.085  000.085: require('vim.treesitter._range')
166.068  000.080  000.080: require('vim.func._memoize')
166.132  000.555  000.233: require('vim.treesitter.query')
166.163  000.764  000.209: require('vim.treesitter.languagetree')
166.176  000.912  000.148: require('vim.treesitter')
167.799  003.423  002.511: require('nvim-treesitter.parsers')
168.294  000.084  000.084: require('nvim-treesitter.compat')
168.511  000.120  000.120: require('nvim-treesitter.ts_utils')
168.551  000.252  000.131: require('nvim-treesitter.tsrange')
168.643  000.086  000.086: require('nvim-treesitter.caching')
168.665  000.563  000.141: require('nvim-treesitter.query')
168.691  000.737  000.174: require('nvim-treesitter.configs')
168.698  000.891  000.155: require('nvim-treesitter.info')
168.846  000.143  000.143: require('nvim-treesitter.shell_command_selectors')
168.984  004.933  000.349: require('nvim-treesitter.install')
169.084  000.094  000.094: require('nvim-treesitter.statusline')
169.196  000.107  000.107: require('nvim-treesitter.query_predicates')
169.202  005.657  000.522: require('nvim-treesitter')
169.350  000.134  000.134: require('vim.iter')
171.192  007.758  001.967: sourcing /home/kabir/.local/share/nvim/lazy/nvim-treesitter/plugin/nvim-treesitter.lua
171.210  007.854  000.096: sourcing nvim_exec2() called at /home/kabir/.config/nvim/init.lua:0
171.232  000.005  000.005: sourcing nvim_exec2() called at /home/kabir/.config/nvim/init.lua:0
171.263  000.003  000.003: sourcing nvim_exec2() called at /home/kabir/.config/nvim/init.lua:0
180.159  000.234  000.234: require('nvim-treesitter.indent')
180.323  000.103  000.103: require('nvim-treesitter.highlight')
180.432  018.332  010.133: require('nvim-treesitter')
180.447  018.538  000.127: require('telescope.previewers.utils')
182.837  002.385  002.385: require('plenary.filetype')
183.428  000.581  000.581: require('plenary.scandir')
183.616  021.961  000.456: require('telescope.previewers.buffer_previewer')
183.628  022.419  000.114: require('telescope.previewers')
183.658  032.906  000.272: require('telescope._extensions.notify')
183.696  051.714  006.253: require('telescope')
183.844  000.012  000.012: sourcing nvim_exec2() called at /home/kabir/.config/nvim/init.lua:0
183.872  000.003  000.003: sourcing nvim_exec2() called at /home/kabir/.config/nvim/init.lua:0
186.134  000.130  000.130: require('bufferline.lazy')
186.347  000.191  000.191: require('bufferline.commands')
186.711  000.351  000.351: require('bufferline.config')
186.726  002.682  002.009: require('bufferline')
187.420  000.193  000.193: require('bufferline.utils')
187.427  000.477  000.284: require('bufferline.groups')
187.620  000.159  000.159: require('bufferline.constants')
187.736  000.107  000.107: require('bufferline.colors')
188.278  000.179  000.179: require('bufferline.highlights')
193.263  002.748  002.748: require('bufferline.hover')
193.963  000.333  000.333: require('bufferline.ui')
194.749  000.012  000.012: sourcing nvim_exec2() called at /home/kabir/.config/nvim/init.lua:0
194.779  000.003  000.003: sourcing nvim_exec2() called at /home/kabir/.config/nvim/init.lua:0
194.824  000.003  000.003: sourcing nvim_exec2() called at /home/kabir/.config/nvim/init.lua:0
194.852  000.003  000.003: sourcing nvim_exec2() called at /home/kabir/.config/nvim/init.lua:0
195.910  000.120  000.120: require('barbecue.config.template')
195.918  000.224  000.104: require('barbecue.config')
196.295  000.229  000.229: require('barbecue.utils')
196.304  000.381  000.153: require('barbecue.theme')
196.554  000.118  000.118: require('barbecue.ui.entry')
196.655  000.096  000.096: require('barbecue.ui.state')
197.240  000.253  000.253: require('nvim-navic.lib')
197.260  000.435  000.182: require('nvim-navic')
197.277  000.618  000.183: require('barbecue.ui.components')
197.286  000.979  000.147: require('barbecue.ui')
197.450  000.161  000.161: require('barbecue.autocmd')
197.456  002.589  000.844: require('barbecue')
202.264  000.013  000.013: sourcing nvim_exec2() called at /home/kabir/.config/nvim/init.lua:0
202.293  000.003  000.003: sourcing nvim_exec2() called at /home/kabir/.config/nvim/init.lua:0
203.396  000.162  000.162: require('project_nvim.config')
203.746  000.164  000.164: require('project_nvim.utils.path')
203.772  000.369  000.205: require('project_nvim.utils.history')
203.777  001.466  000.935: require('project_nvim')
204.047  000.154  000.154: require('project_nvim.utils.globtopattern')
204.332  000.229  000.229: require('project_nvim.project')
204.388  000.032  000.032: sourcing nvim_exec2() called at /home/kabir/.config/nvim/init.lua:0
204.417  000.021  000.021: sourcing nvim_exec2() called at /home/kabir/.config/nvim/init.lua:0
204.437  000.014  000.014: sourcing nvim_exec2() called at /home/kabir/.config/nvim/init.lua:0
204.455  000.008  000.008: sourcing nvim_exec2() called at /home/kabir/.config/nvim/init.lua:0
204.463  000.003  000.003: sourcing nvim_exec2() called at /home/kabir/.config/nvim/init.lua:0
205.498  000.423  000.423: require('telescope.builtin')
205.518  000.647  000.223: require('telescope._extensions.projects')
205.999  000.155  000.155: sourcing /opt/nvim/share/nvim/runtime/plugin/editorconfig.lua
206.013  000.235  000.080: sourcing nvim_exec2() called at /home/kabir/.config/nvim/init.lua:0
206.230  000.148  000.148: sourcing /opt/nvim/share/nvim/runtime/plugin/man.lua
206.241  000.213  000.066: sourcing nvim_exec2() called at /home/kabir/.config/nvim/init.lua:0
206.502  000.184  000.184: sourcing /opt/nvim/share/nvim/runtime/plugin/nvim/net.lua
206.512  000.254  000.070: sourcing nvim_exec2() called at /home/kabir/.config/nvim/init.lua:0
206.732  000.117  000.117: sourcing /opt/nvim/share/nvim/runtime/plugin/nvim/spellfile.lua
206.742  000.191  000.073: sourcing nvim_exec2() called at /home/kabir/.config/nvim/init.lua:0
206.981  000.170  000.170: sourcing /opt/nvim/share/nvim/runtime/plugin/osc52.lua
206.991  000.234  000.064: sourcing nvim_exec2() called at /home/kabir/.config/nvim/init.lua:0
207.576  000.518  000.518: sourcing /opt/nvim/share/nvim/runtime/plugin/rplugin.vim
207.588  000.585  000.067: sourcing nvim_exec2() called at /home/kabir/.config/nvim/init.lua:0
207.903  000.240  000.240: sourcing /opt/nvim/share/nvim/runtime/plugin/shada.lua
207.914  000.308  000.068: sourcing nvim_exec2() called at /home/kabir/.config/nvim/init.lua:0
208.299  178.629  055.428: require('core.lazy')
208.452  000.146  000.146: require('core.commands')
208.457  198.724  000.141: require('core')
208.464  199.042  000.318: sourcing /home/kabir/.config/nvim/init.lua
208.480  001.417: sourcing vimrc file(s)
209.011  000.116  000.116: sourcing /opt/nvim/share/nvim/runtime/filetype.lua
209.595  000.171  000.171: sourcing /opt/nvim/share/nvim/runtime/syntax/synload.vim
209.760  000.622  000.451: sourcing /opt/nvim/share/nvim/runtime/syntax/syntax.vim
209.788  000.569: inits 3
215.054  005.267: reading ShaDa
215.313  000.259: opening buffers
215.707  000.208  000.208: require('bufferline.state')
215.738  000.217: BufEnter autocommands
215.742  000.004: editing files in windows
215.754  000.013: --- NVIM STARTED ---

